<?xml version="1.0" encoding="UTF-8"?>
<testng-results ignored="0" total="1" passed="1" failed="0" skipped="0">
  <reporter-output>
  </reporter-output>
  <suite started-at="2024-07-08T22:35:59 EDT" name="Default suite" finished-at="2024-07-08T22:36:29 EDT" duration-ms="29836">
    <groups>
      <group name="cucumber">
        <method signature="AbstractTestNGCucumberTests.runScenario(io.cucumber.testng.PickleWrapper,io.cucumber.testng.FeatureWrapper)[pri:0, instance:step_definitions.Runnertest@1a6d8329]" name="runScenario" class="io.cucumber.testng.AbstractTestNGCucumberTests"/>
      </group> <!-- cucumber -->
    </groups>
    <test started-at="2024-07-08T22:35:59 EDT" name="Default test" finished-at="2024-07-08T22:36:29 EDT" duration-ms="29836">
      <class name="step_definitions.Runnertest">
        <test-method is-config="true" signature="setUpClass(org.testng.ITestContext)[pri:0, instance:step_definitions.Runnertest@1a6d8329]" started-at="2024-07-08T22:35:59 EDT" name="setUpClass" finished-at="2024-07-08T22:36:00 EDT" duration-ms="269" status="PASS">
          <params>
            <param index="0">
              <value>
                <![CDATA[org.testng.TestRunner@75769ab0]]>
              </value>
            </param>
          </params>
          <reporter-output>
          </reporter-output>
        </test-method> <!-- setUpClass -->
        <test-method signature="runScenario(io.cucumber.testng.PickleWrapper,io.cucumber.testng.FeatureWrapper)[pri:0, instance:step_definitions.Runnertest@1a6d8329]" started-at="2024-07-08T22:36:00 EDT" name="runScenario" description="Runs Cucumber Scenarios" data-provider="scenarios" finished-at="2024-07-08T22:36:29 EDT" duration-ms="29539" status="PASS">
          <params>
            <param index="0">
              <value>
                <![CDATA["Register with valid Data"]]>
              </value>
            </param>
            <param index="1">
              <value>
                <![CDATA["Register"]]>
              </value>
            </param>
          </params>
          <reporter-output>
          </reporter-output>
        </test-method> <!-- runScenario -->
        <test-method is-config="true" signature="tearDownClass()[pri:0, instance:step_definitions.Runnertest@1a6d8329]" started-at="2024-07-08T22:36:29 EDT" name="tearDownClass" finished-at="2024-07-08T22:36:29 EDT" duration-ms="3" status="PASS">
          <reporter-output>
          </reporter-output>
        </test-method> <!-- tearDownClass -->
      </class> <!-- step_definitions.Runnertest -->
    </test> <!-- Default test -->
  </suite> <!-- Default suite -->
</testng-results>
